[2021-02-04 21:00:02] Error message:
         Страница не найдена | File: C:\xampp\htdocs\phpbasic\ishop\public\index.php | Line: 9
=========================
[2021-02-04 21:00:16] Error message:
         Страница не найдена | File: C:\xampp\htdocs\phpbasic\ishop\public\index.php | Line: 9
=========================
[2021-02-04 21:00:33] Error message:
         Страница не найдена | File: C:\xampp\htdocs\phpbasic\ishop\public\index.php | Line: 9
=========================
[2021-02-09 19:43:44] Error message:
         Страница не найдена | File: C:\xampp\htdocs\phpbasic\ishop\public\index.php | Line: 9
=========================
[2021-02-09 19:44:48] Error message:
         Страница не найдена | File: C:\xampp\htdocs\phpbasic\ishop\public\index.php | Line: 7
=========================
[2021-02-09 19:45:30] Error message:
         Страница не найдена | File: C:\xampp\htdocs\phpbasic\ishop\public\index.php | Line: 7
=========================
[2021-02-09 19:45:38] Error message:
         Страница не найдена | File: C:\xampp\htdocs\phpbasic\ishop\public\index.php | Line: 7
=========================
[2021-02-09 19:45:45] Error message:
         Страница не найдена | File: C:\xampp\htdocs\phpbasic\ishop\public\index.php | Line: 7
=========================
[2021-02-09 19:47:54] Error message:
         Страница не найдена | File: C:\xampp\htdocs\phpbasic\ishop\public\index.php | Line: 7
=========================
[2021-02-09 19:47:56] Error message:
         Страница не найдена | File: C:\xampp\htdocs\phpbasic\ishop\public\index.php | Line: 7
=========================
[2021-02-09 19:47:59] Error message:
         Страница не найдена | File: C:\xampp\htdocs\phpbasic\ishop\public\index.php | Line: 7
=========================
[2021-02-09 19:51:22] Error message:
         Страница не найдена | File: C:\xampp\htdocs\phpbasic\ishop\public\index.php | Line: 7
=========================
[2021-02-09 19:51:27] Error message:
         Страница не найдена | File: C:\xampp\htdocs\phpbasic\ishop\public\index.php | Line: 7
=========================
[2021-02-09 19:51:29] Error message:
         Страница не найдена | File: C:\xampp\htdocs\phpbasic\ishop\public\index.php | Line: 7
=========================
[2021-02-09 19:51:43] Error message:
         Страница не найдена | File: C:\xampp\htdocs\phpbasic\ishop\public\index.php | Line: 7
=========================
[2021-02-09 19:51:44] Error message:
         Страница не найдена | File: C:\xampp\htdocs\phpbasic\ishop\public\index.php | Line: 7
=========================
[2021-02-09 19:51:45] Error message:
         Страница не найдена | File: C:\xampp\htdocs\phpbasic\ishop\public\index.php | Line: 7
=========================
[2021-02-09 19:52:05] Error message:
         Страница не найдена | File: C:\xampp\htdocs\phpbasic\ishop\public\index.php | Line: 7
=========================
[2021-02-09 19:52:06] Error message:
         Страница не найдена | File: C:\xampp\htdocs\phpbasic\ishop\public\index.php | Line: 7
=========================
[2021-02-09 19:52:07] Error message:
         Страница не найдена | File: C:\xampp\htdocs\phpbasic\ishop\public\index.php | Line: 7
=========================
[2021-02-09 19:52:07] Error message:
         Страница не найдена | File: C:\xampp\htdocs\phpbasic\ishop\public\index.php | Line: 7
=========================
[2021-02-09 19:52:22] Error message:
         Страница не найдена | File: C:\xampp\htdocs\phpbasic\ishop\public\index.php | Line: 7
=========================
[2021-02-09 19:52:23] Error message:
         Страница не найдена | File: C:\xampp\htdocs\phpbasic\ishop\public\index.php | Line: 7
=========================
[2021-02-09 19:52:24] Error message:
         Страница не найдена | File: C:\xampp\htdocs\phpbasic\ishop\public\index.php | Line: 7
=========================
[2021-02-09 19:52:28] Error message:
         Страница не найдена | File: C:\xampp\htdocs\phpbasic\ishop\public\index.php | Line: 7
=========================
[2021-02-09 19:52:28] Error message:
         Страница не найдена | File: C:\xampp\htdocs\phpbasic\ishop\public\index.php | Line: 7
=========================
[2021-02-09 19:52:30] Error message:
         Страница не найдена | File: C:\xampp\htdocs\phpbasic\ishop\public\index.php | Line: 7
=========================
[2021-02-09 19:52:47] Error message:
         Страница не найдена | File: C:\xampp\htdocs\phpbasic\ishop\public\index.php | Line: 7
=========================
[2021-02-09 19:52:49] Error message:
         Страница не найдена | File: C:\xampp\htdocs\phpbasic\ishop\public\index.php | Line: 7
=========================
[2021-02-09 19:52:52] Error message:
         Страница не найдена | File: C:\xampp\htdocs\phpbasic\ishop\public\index.php | Line: 7
=========================
[2021-02-09 19:52:54] Error message:
         Страница не найдена | File: C:\xampp\htdocs\phpbasic\ishop\public\index.php | Line: 7
=========================
[2021-02-09 19:53:11] Error message:
         Страница не найдена | File: C:\xampp\htdocs\phpbasic\ishop\public\index.php | Line: 7
=========================
[2021-02-09 19:53:12] Error message:
         Страница не найдена | File: C:\xampp\htdocs\phpbasic\ishop\public\index.php | Line: 7
=========================
[2021-02-09 19:53:12] Error message:
         Страница не найдена | File: C:\xampp\htdocs\phpbasic\ishop\public\index.php | Line: 7
=========================
[2021-02-09 19:53:12] Error message:
         Страница не найдена | File: C:\xampp\htdocs\phpbasic\ishop\public\index.php | Line: 7
=========================
[2021-02-09 19:53:28] Error message:
         Страница не найдена | File: C:\xampp\htdocs\phpbasic\ishop\public\index.php | Line: 7
=========================
[2021-02-09 19:53:28] Error message:
         Страница не найдена | File: C:\xampp\htdocs\phpbasic\ishop\public\index.php | Line: 7
=========================
[2021-02-09 19:53:29] Error message:
         Страница не найдена | File: C:\xampp\htdocs\phpbasic\ishop\public\index.php | Line: 7
=========================
[2021-02-09 19:54:13] Error message:
         Страница не найдена | File: C:\xampp\htdocs\phpbasic\ishop\public\index.php | Line: 7
=========================
[2021-02-09 19:54:14] Error message:
         Страница не найдена | File: C:\xampp\htdocs\phpbasic\ishop\public\index.php | Line: 7
=========================
[2021-02-09 19:54:16] Error message:
         Страница не найдена | File: C:\xampp\htdocs\phpbasic\ishop\public\index.php | Line: 7
=========================
[2021-02-09 19:54:41] Error message:
         Страница не найдена | File: C:\xampp\htdocs\phpbasic\ishop\public\index.php | Line: 7
=========================
[2021-02-09 19:57:46] Error message:
         Страница не найдена | File: C:\xampp\htdocs\phpbasic\ishop\public\index.php | Line: 7
=========================
[2021-02-09 19:57:47] Error message:
         Страница не найдена | File: C:\xampp\htdocs\phpbasic\ishop\public\index.php | Line: 7
=========================
[2021-02-09 20:00:49] Error message:
         Страница не найдена | File: C:\xampp\htdocs\phpbasic\ishop\public\index.php | Line: 7
=========================
[2021-02-09 20:00:55] Error message:
         Страница не найдена | File: C:\xampp\htdocs\phpbasic\ishop\public\index.php | Line: 7
=========================
[2021-02-09 20:04:25] Error message:
         Страница не найдена | File: C:\xampp\htdocs\phpbasic\ishop\public\index.php | Line: 7
=========================
[2021-02-09 20:04:34] Error message:
         Страница не найдена | File: C:\xampp\htdocs\phpbasic\ishop\public\index.php | Line: 7
=========================
[2021-02-09 20:05:00] Error message:
         Страница не найдена | File: C:\xampp\htdocs\phpbasic\ishop\public\index.php | Line: 7
=========================
[2021-02-10 20:41:11] Error message:
         Страница не найдена! | File: C:\xampp\htdocs\phpbasic\ishop\vendor\ishop\core\Router.php | Line: 29
=========================
[2021-02-10 20:41:11] Error message:
         Страница не найдена! | File: C:\xampp\htdocs\phpbasic\ishop\vendor\ishop\core\Router.php | Line: 29
=========================
[2021-02-10 20:41:11] Error message:
         Страница не найдена! | File: C:\xampp\htdocs\phpbasic\ishop\vendor\ishop\core\Router.php | Line: 29
=========================
[2021-02-10 20:42:04] Error message:
         Страница не найдена! | File: C:\xampp\htdocs\phpbasic\ishop\vendor\ishop\core\Router.php | Line: 29
=========================
[2021-02-10 20:42:18] Error message:
         Страница не найдена! | File: C:\xampp\htdocs\phpbasic\ishop\vendor\ishop\core\Router.php | Line: 29
=========================
[2021-02-10 22:42:54] Error message:
         Контроллер app\controllers\PageController не найден! | File: C:\xampp\htdocs\phpbasic\ishop\vendor\ishop\core\Router.php | Line: 33
=========================
[2021-02-10 22:44:49] Error message:
         Контроллер app\controllers\PageController не найден! | File: C:\xampp\htdocs\phpbasic\ishop\vendor\ishop\core\Router.php | Line: 33
=========================
[2021-02-10 22:46:33] Error message:
         Контроллер app\controllers\PageController не найден! | File: C:\xampp\htdocs\phpbasic\ishop\vendor\ishop\core\Router.php | Line: 38
=========================
[2021-02-10 22:46:45] Error message:
         Контроллер app\controllers\PageController не найден! | File: C:\xampp\htdocs\phpbasic\ishop\vendor\ishop\core\Router.php | Line: 38
=========================
[2021-02-10 22:48:06] Error message:
         Контроллер app\controllers\PageController не найден! | File: C:\xampp\htdocs\phpbasic\ishop\vendor\ishop\core\Router.php | Line: 38
=========================
[2021-02-10 22:48:11] Error message:
         Контроллер app\controllers\MainControllerController не найден! | File: C:\xampp\htdocs\phpbasic\ishop\vendor\ishop\core\Router.php | Line: 38
=========================
[2021-02-10 22:49:11] Error message:
         Контроллер app\controllers\MainControllerController не найден! | File: C:\xampp\htdocs\phpbasic\ishop\vendor\ishop\core\Router.php | Line: 39
=========================
[2021-02-10 22:50:22] Error message:
         Метод app\controllers\MainController::indexAction не найден! | File: C:\xampp\htdocs\phpbasic\ishop\vendor\ishop\core\Router.php | Line: 35
=========================
[2021-02-10 22:51:26] Error message:
         Контроллер app\controllers\PageController не найден! | File: C:\xampp\htdocs\phpbasic\ishop\vendor\ishop\core\Router.php | Line: 39
=========================
[2021-02-10 22:52:25] Error message:
         Метод app\controllers\PageController::indexAction не найден! | File: C:\xampp\htdocs\phpbasic\ishop\vendor\ishop\core\Router.php | Line: 35
=========================
[2021-02-10 22:52:52] Error message:
         Метод app\controllers\PageController::indexAction не найден! | File: C:\xampp\htdocs\phpbasic\ishop\vendor\ishop\core\Router.php | Line: 35
=========================
[2021-02-11 11:03:35] Error message:
         syntax error, unexpected token "public", expecting "," or ";" | File: C:\xampp\htdocs\phpbasic\ishop\vendor\ishop\core\base\View.php | Line: 15
=========================
[2021-02-12 11:06:34] Error message:
         Страница не найдена! | File: C:\xampp\htdocs\phpbasic\ishop\vendor\ishop\core\Router.php | Line: 44
=========================
[2021-02-12 11:14:45] Error message:
         Call to undefined method app\controllers\PageController::getView() | File: C:\xampp\htdocs\phpbasic\ishop\vendor\ishop\core\Router.php | Line: 35
=========================
[2021-02-12 11:15:11] Error message:
         Call to undefined method app\controllers\PageController::getView() | File: C:\xampp\htdocs\phpbasic\ishop\vendor\ishop\core\Router.php | Line: 35
=========================
[2021-02-12 11:15:34] Error message:
         Метод app\controllers\PageController::indexAction не найден! | File: C:\xampp\htdocs\phpbasic\ishop\vendor\ishop\core\Router.php | Line: 38
=========================
[2021-02-12 11:15:40] Error message:
         Call to undefined method app\controllers\PageController::getView() | File: C:\xampp\htdocs\phpbasic\ishop\vendor\ishop\core\Router.php | Line: 35
=========================
[2021-02-12 11:16:16] Error message:
         Страница не найдена! | File: C:\xampp\htdocs\phpbasic\ishop\vendor\ishop\core\Router.php | Line: 46
=========================
[2021-02-12 11:16:18] Error message:
         Страница не найдена! | File: C:\xampp\htdocs\phpbasic\ishop\vendor\ishop\core\Router.php | Line: 46
=========================
[2021-02-12 21:46:19] Error message:
         Undefined constant "ishop\params" | File: C:\xampp\htdocs\phpbasic\ishop\vendor\ishop\core\Router.php | Line: 95
=========================
[2021-02-12 21:46:36] Error message:
         Undefined constant "ishop\params" | File: C:\xampp\htdocs\phpbasic\ishop\vendor\ishop\core\Router.php | Line: 95
=========================
[2021-02-13 10:53:17] Error message:
         Undefined constant "ishop\params" | File: C:\xampp\htdocs\phpbasic\ishop\vendor\ishop\core\Router.php | Line: 92
=========================
[2021-02-13 10:53:17] Error message:
         Undefined constant "ishop\params" | File: C:\xampp\htdocs\phpbasic\ishop\vendor\ishop\core\Router.php | Line: 92
=========================
[2021-02-13 10:53:17] Error message:
         Undefined constant "ishop\params" | File: C:\xampp\htdocs\phpbasic\ishop\vendor\ishop\core\Router.php | Line: 92
=========================
[2021-02-13 10:53:17] Error message:
         Undefined constant "ishop\params" | File: C:\xampp\htdocs\phpbasic\ishop\vendor\ishop\core\Router.php | Line: 92
=========================
[2021-02-13 10:53:17] Error message:
         Undefined constant "ishop\params" | File: C:\xampp\htdocs\phpbasic\ishop\vendor\ishop\core\Router.php | Line: 92
=========================
[2021-02-13 10:53:17] Error message:
         Undefined constant "ishop\params" | File: C:\xampp\htdocs\phpbasic\ishop\vendor\ishop\core\Router.php | Line: 92
=========================
[2021-02-13 10:53:17] Error message:
         Undefined constant "ishop\params" | File: C:\xampp\htdocs\phpbasic\ishop\vendor\ishop\core\Router.php | Line: 92
=========================
[2021-02-13 10:53:17] Error message:
         Undefined constant "ishop\params" | File: C:\xampp\htdocs\phpbasic\ishop\vendor\ishop\core\Router.php | Line: 92
=========================
[2021-02-13 10:53:17] Error message:
         Undefined constant "ishop\params" | File: C:\xampp\htdocs\phpbasic\ishop\vendor\ishop\core\Router.php | Line: 92
=========================
[2021-02-13 10:53:17] Error message:
         Undefined constant "ishop\params" | File: C:\xampp\htdocs\phpbasic\ishop\vendor\ishop\core\Router.php | Line: 92
=========================
[2021-02-13 10:53:17] Error message:
         Undefined constant "ishop\params" | File: C:\xampp\htdocs\phpbasic\ishop\vendor\ishop\core\Router.php | Line: 92
=========================
[2021-02-13 10:53:17] Error message:
         Undefined constant "ishop\params" | File: C:\xampp\htdocs\phpbasic\ishop\vendor\ishop\core\Router.php | Line: 92
=========================
[2021-02-13 10:53:17] Error message:
         Undefined constant "ishop\params" | File: C:\xampp\htdocs\phpbasic\ishop\vendor\ishop\core\Router.php | Line: 92
=========================
[2021-02-13 10:53:17] Error message:
         Undefined constant "ishop\params" | File: C:\xampp\htdocs\phpbasic\ishop\vendor\ishop\core\Router.php | Line: 92
=========================
[2021-02-13 10:53:17] Error message:
         Undefined constant "ishop\params" | File: C:\xampp\htdocs\phpbasic\ishop\vendor\ishop\core\Router.php | Line: 92
=========================
[2021-02-13 10:53:17] Error message:
         Undefined constant "ishop\params" | File: C:\xampp\htdocs\phpbasic\ishop\vendor\ishop\core\Router.php | Line: 92
=========================
[2021-02-13 10:53:17] Error message:
         Undefined constant "ishop\params" | File: C:\xampp\htdocs\phpbasic\ishop\vendor\ishop\core\Router.php | Line: 92
=========================
[2021-02-13 10:53:17] Error message:
         Undefined constant "ishop\params" | File: C:\xampp\htdocs\phpbasic\ishop\vendor\ishop\core\Router.php | Line: 92
=========================
[2021-02-13 10:53:17] Error message:
         Undefined constant "ishop\params" | File: C:\xampp\htdocs\phpbasic\ishop\vendor\ishop\core\Router.php | Line: 92
=========================
[2021-02-13 10:53:17] Error message:
         Undefined constant "ishop\params" | File: C:\xampp\htdocs\phpbasic\ishop\vendor\ishop\core\Router.php | Line: 92
=========================
[2021-02-13 10:53:17] Error message:
         Undefined constant "ishop\params" | File: C:\xampp\htdocs\phpbasic\ishop\vendor\ishop\core\Router.php | Line: 92
=========================
[2021-02-13 10:53:17] Error message:
         Undefined constant "ishop\params" | File: C:\xampp\htdocs\phpbasic\ishop\vendor\ishop\core\Router.php | Line: 92
=========================
[2021-02-13 10:53:17] Error message:
         Undefined constant "ishop\params" | File: C:\xampp\htdocs\phpbasic\ishop\vendor\ishop\core\Router.php | Line: 92
=========================
[2021-02-13 10:57:12] Error message:
         Undefined constant "ishop\params" | File: C:\xampp\htdocs\phpbasic\ishop\vendor\ishop\core\Router.php | Line: 92
=========================
[2021-02-13 10:57:20] Error message:
         Undefined constant "ishop\params" | File: C:\xampp\htdocs\phpbasic\ishop\vendor\ishop\core\Router.php | Line: 92
=========================
[2021-02-13 11:11:53] Error message:
         Undefined constant "ishop\params" | File: C:\xampp\htdocs\phpbasic\ishop\vendor\ishop\core\Router.php | Line: 92
=========================
[2021-02-13 15:52:49] Error message:
         Undefined constant "ishop\params" | File: C:\xampp\htdocs\phpbasic\ishop\vendor\ishop\core\Router.php | Line: 92
=========================
[2021-02-13 15:55:15] Error message:
         Undefined constant "ishop\params" | File: C:\xampp\htdocs\phpbasic\ishop\vendor\ishop\core\Router.php | Line: 92
=========================
[2021-02-13 15:57:24] Error message:
         Undefined constant "ishop\params" | File: C:\xampp\htdocs\phpbasic\ishop\vendor\ishop\core\Router.php | Line: 92
=========================
[2021-02-13 15:58:03] Error message:
         Undefined constant "ishop\params" | File: C:\xampp\htdocs\phpbasic\ishop\vendor\ishop\core\Router.php | Line: 92
=========================
[2021-02-13 15:58:04] Error message:
         Undefined constant "ishop\params" | File: C:\xampp\htdocs\phpbasic\ishop\vendor\ishop\core\Router.php | Line: 92
=========================
[2021-02-13 15:59:01] Error message:
         Undefined constant "ishop\params" | File: C:\xampp\htdocs\phpbasic\ishop\vendor\ishop\core\Router.php | Line: 92
=========================
[2021-02-13 15:59:03] Error message:
         Undefined constant "ishop\params" | File: C:\xampp\htdocs\phpbasic\ishop\vendor\ishop\core\Router.php | Line: 92
=========================
[2021-02-13 16:00:17] Error message:
         Undefined constant "ishop\params" | File: C:\xampp\htdocs\phpbasic\ishop\vendor\ishop\core\Router.php | Line: 92
=========================
[2021-02-13 16:00:18] Error message:
         Undefined constant "ishop\params" | File: C:\xampp\htdocs\phpbasic\ishop\vendor\ishop\core\Router.php | Line: 92
=========================
[2021-02-13 16:01:24] Error message:
         Undefined constant "ishop\params" | File: C:\xampp\htdocs\phpbasic\ishop\vendor\ishop\core\Router.php | Line: 92
=========================
[2021-02-13 16:01:26] Error message:
         Undefined constant "ishop\params" | File: C:\xampp\htdocs\phpbasic\ishop\vendor\ishop\core\Router.php | Line: 92
=========================
[2021-02-13 16:01:56] Error message:
         Undefined constant "ishop\params" | File: C:\xampp\htdocs\phpbasic\ishop\vendor\ishop\core\Router.php | Line: 92
=========================
[2021-02-13 16:01:57] Error message:
         Undefined constant "ishop\params" | File: C:\xampp\htdocs\phpbasic\ishop\vendor\ishop\core\Router.php | Line: 92
=========================
[2021-02-13 16:01:59] Error message:
         Undefined constant "ishop\params" | File: C:\xampp\htdocs\phpbasic\ishop\vendor\ishop\core\Router.php | Line: 92
=========================
[2021-02-13 16:02:00] Error message:
         Undefined constant "ishop\params" | File: C:\xampp\htdocs\phpbasic\ishop\vendor\ishop\core\Router.php | Line: 92
=========================
[2021-02-13 16:02:03] Error message:
         Undefined constant "ishop\params" | File: C:\xampp\htdocs\phpbasic\ishop\vendor\ishop\core\Router.php | Line: 92
=========================
[2021-02-13 16:02:04] Error message:
         Undefined constant "ishop\params" | File: C:\xampp\htdocs\phpbasic\ishop\vendor\ishop\core\Router.php | Line: 92
=========================
[2021-02-13 16:04:15] Error message:
         Undefined constant "ishop\params" | File: C:\xampp\htdocs\phpbasic\ishop\vendor\ishop\core\Router.php | Line: 92
=========================
[2021-02-13 16:04:16] Error message:
         Undefined constant "ishop\params" | File: C:\xampp\htdocs\phpbasic\ishop\vendor\ishop\core\Router.php | Line: 92
=========================
[2021-02-13 16:04:22] Error message:
         Undefined constant "ishop\params" | File: C:\xampp\htdocs\phpbasic\ishop\vendor\ishop\core\Router.php | Line: 92
=========================
[2021-02-13 16:04:54] Error message:
         Undefined constant "ishop\params" | File: C:\xampp\htdocs\phpbasic\ishop\vendor\ishop\core\Router.php | Line: 92
=========================
[2021-02-13 16:05:19] Error message:
         Undefined constant "ishop\params" | File: C:\xampp\htdocs\phpbasic\ishop\vendor\ishop\core\Router.php | Line: 92
=========================
[2021-02-13 16:05:21] Error message:
         Undefined constant "ishop\params" | File: C:\xampp\htdocs\phpbasic\ishop\vendor\ishop\core\Router.php | Line: 92
=========================
[2021-02-13 16:05:50] Error message:
         Undefined constant "ishop\params" | File: C:\xampp\htdocs\phpbasic\ishop\vendor\ishop\core\Router.php | Line: 92
=========================
[2021-02-13 16:07:32] Error message:
         Undefined constant "ishop\params" | File: C:\xampp\htdocs\phpbasic\ishop\vendor\ishop\core\Router.php | Line: 92
=========================
[2021-02-13 16:08:01] Error message:
         Undefined constant "ishop\params" | File: C:\xampp\htdocs\phpbasic\ishop\vendor\ishop\core\Router.php | Line: 92
=========================
[2021-02-13 16:08:15] Error message:
         Undefined constant "ishop\params" | File: C:\xampp\htdocs\phpbasic\ishop\vendor\ishop\core\Router.php | Line: 92
=========================
[2021-02-13 16:08:19] Error message:
         Undefined constant "ishop\params" | File: C:\xampp\htdocs\phpbasic\ishop\vendor\ishop\core\Router.php | Line: 92
=========================
[2021-02-13 16:08:30] Error message:
         Undefined constant "ishop\params" | File: C:\xampp\htdocs\phpbasic\ishop\vendor\ishop\core\Router.php | Line: 92
=========================
[2021-02-13 16:08:35] Error message:
         Undefined constant "ishop\params" | File: C:\xampp\htdocs\phpbasic\ishop\vendor\ishop\core\Router.php | Line: 92
=========================
[2021-02-28 17:06:30] Error message:
         Undefined constant "ishop\params" | File: C:\xampp\htdocs\phpbasic\ishop\vendor\ishop\core\Router.php | Line: 92
=========================
[2021-02-28 17:07:16] Error message:
         Страница не найдена! | File: C:\xampp\htdocs\phpbasic\ishop\vendor\ishop\core\Router.php | Line: 46
=========================
[2021-03-06 14:47:13] Error message:
         Страница не найдена! | File: C:\xampp\htdocs\phpbasic\ishop\vendor\ishop\core\Router.php | Line: 46
=========================
[2021-03-06 14:51:48] Error message:
         Страница не найдена! | File: C:\xampp\htdocs\phpbasic\ishop\vendor\ishop\core\Router.php | Line: 46
=========================
[2021-03-06 14:51:52] Error message:
         Страница не найдена! | File: C:\xampp\htdocs\phpbasic\ishop\vendor\ishop\core\Router.php | Line: 46
=========================
[2021-03-06 14:51:53] Error message:
         Страница не найдена! | File: C:\xampp\htdocs\phpbasic\ishop\vendor\ishop\core\Router.php | Line: 46
=========================
[2021-03-06 15:12:03] Error message:
         Страница не найдена! | File: C:\xampp\htdocs\phpbasic\ishop\vendor\ishop\core\Router.php | Line: 46
=========================
[2021-03-06 15:16:40] Error message:
         Class "app\controllers\App" not found | File: C:\xampp\htdocs\phpbasic\ishop\app\controllers\AppController.php | Line: 17
=========================
[2021-03-06 15:19:13] Error message:
         Class "app\controllers\Controller" not found | File: C:\xampp\htdocs\phpbasic\ishop\app\controllers\AppController.php | Line: 12
=========================
[2021-03-06 15:20:33] Error message:
         Страница не найдена! | File: C:\xampp\htdocs\phpbasic\ishop\vendor\ishop\core\Router.php | Line: 46
=========================
[2021-03-06 15:26:30] Error message:
         Страница не найдена! | File: C:\xampp\htdocs\phpbasic\ishop\vendor\ishop\core\Router.php | Line: 46
=========================
[2021-03-06 15:27:14] Error message:
         Страница не найдена! | File: C:\xampp\htdocs\phpbasic\ishop\vendor\ishop\core\Router.php | Line: 46
=========================
[2021-03-06 15:30:16] Error message:
         Страница не найдена! | File: C:\xampp\htdocs\phpbasic\ishop\vendor\ishop\core\Router.php | Line: 46
=========================
[2021-03-06 15:30:56] Error message:
         Страница не найдена! | File: C:\xampp\htdocs\phpbasic\ishop\vendor\ishop\core\Router.php | Line: 46
=========================
[2021-03-06 15:32:29] Error message:
         Страница не найдена! | File: C:\xampp\htdocs\phpbasic\ishop\vendor\ishop\core\Router.php | Line: 46
=========================
[2021-03-06 15:32:30] Error message:
         Страница не найдена! | File: C:\xampp\htdocs\phpbasic\ishop\vendor\ishop\core\Router.php | Line: 46
=========================
[2021-03-06 15:32:49] Error message:
         Страница не найдена! | File: C:\xampp\htdocs\phpbasic\ishop\vendor\ishop\core\Router.php | Line: 46
=========================
[2021-03-06 15:32:49] Error message:
         Страница не найдена! | File: C:\xampp\htdocs\phpbasic\ishop\vendor\ishop\core\Router.php | Line: 46
=========================
[2021-03-06 15:33:00] Error message:
         Страница не найдена! | File: C:\xampp\htdocs\phpbasic\ishop\vendor\ishop\core\Router.php | Line: 46
=========================
[2021-03-06 15:33:00] Error message:
         Страница не найдена! | File: C:\xampp\htdocs\phpbasic\ishop\vendor\ishop\core\Router.php | Line: 46
=========================
[2021-03-06 15:33:08] Error message:
         Страница не найдена! | File: C:\xampp\htdocs\phpbasic\ishop\vendor\ishop\core\Router.php | Line: 46
=========================
[2021-03-06 15:33:08] Error message:
         Страница не найдена! | File: C:\xampp\htdocs\phpbasic\ishop\vendor\ishop\core\Router.php | Line: 46
=========================
[2021-03-06 15:44:09] Error message:
         Страница не найдена! | File: C:\xampp\htdocs\phpbasic\ishop\vendor\ishop\core\Router.php | Line: 46
=========================
[2021-03-06 15:44:09] Error message:
         Страница не найдена! | File: C:\xampp\htdocs\phpbasic\ishop\vendor\ishop\core\Router.php | Line: 46
=========================
[2021-03-06 15:44:55] Error message:
         Страница не найдена! | File: C:\xampp\htdocs\phpbasic\ishop\vendor\ishop\core\Router.php | Line: 46
=========================
[2021-03-06 15:44:56] Error message:
         Страница не найдена! | File: C:\xampp\htdocs\phpbasic\ishop\vendor\ishop\core\Router.php | Line: 46
=========================
[2021-03-06 15:52:47] Error message:
         Страница не найдена! | File: C:\xampp\htdocs\phpbasic\ishop\vendor\ishop\core\Router.php | Line: 46
=========================
[2021-03-06 15:52:48] Error message:
         Страница не найдена! | File: C:\xampp\htdocs\phpbasic\ishop\vendor\ishop\core\Router.php | Line: 46
=========================
[2021-03-06 15:59:12] Error message:
         Страница не найдена! | File: C:\xampp\htdocs\phpbasic\ishop\vendor\ishop\core\Router.php | Line: 46
=========================
[2021-03-06 15:59:12] Error message:
         Страница не найдена! | File: C:\xampp\htdocs\phpbasic\ishop\vendor\ishop\core\Router.php | Line: 46
=========================
[2021-03-06 15:59:57] Error message:
         Object of class app\widgets\currency\Currency could not be converted to string | File: C:\xampp\htdocs\phpbasic\ishop\app\views\layouts\watches.php | Line: 31
=========================
[2021-03-06 15:59:57] Error message:
         Страница не найдена! | File: C:\xampp\htdocs\phpbasic\ishop\vendor\ishop\core\Router.php | Line: 46
=========================
[2021-03-06 16:00:39] Error message:
         Object of class app\widgets\currency\Currency could not be converted to string | File: C:\xampp\htdocs\phpbasic\ishop\app\views\layouts\watches.php | Line: 31
=========================
[2021-03-06 16:00:39] Error message:
         Страница не найдена! | File: C:\xampp\htdocs\phpbasic\ishop\vendor\ishop\core\Router.php | Line: 46
=========================
[2021-03-06 16:01:51] Error message:
         Object of class app\widgets\currency\Currency could not be converted to string | File: C:\xampp\htdocs\phpbasic\ishop\app\views\layouts\watches.php | Line: 31
=========================
[2021-03-06 16:01:51] Error message:
         Страница не найдена! | File: C:\xampp\htdocs\phpbasic\ishop\vendor\ishop\core\Router.php | Line: 46
=========================
[2021-03-06 16:02:28] Error message:
         Object of class app\widgets\currency\Currency could not be converted to string | File: C:\xampp\htdocs\phpbasic\ishop\app\views\layouts\watches.php | Line: 31
=========================
[2021-03-06 16:02:28] Error message:
         Страница не найдена! | File: C:\xampp\htdocs\phpbasic\ishop\vendor\ishop\core\Router.php | Line: 46
=========================
[2021-03-06 16:02:32] Error message:
         Object of class app\widgets\currency\Currency could not be converted to string | File: C:\xampp\htdocs\phpbasic\ishop\app\views\layouts\watches.php | Line: 31
=========================
[2021-03-06 16:02:32] Error message:
         Страница не найдена! | File: C:\xampp\htdocs\phpbasic\ishop\vendor\ishop\core\Router.php | Line: 46
=========================
[2021-03-06 16:03:19] Error message:
         Страница не найдена! | File: C:\xampp\htdocs\phpbasic\ishop\vendor\ishop\core\Router.php | Line: 46
=========================
[2021-03-06 16:03:19] Error message:
         Страница не найдена! | File: C:\xampp\htdocs\phpbasic\ishop\vendor\ishop\core\Router.php | Line: 46
=========================
[2021-03-06 16:03:37] Error message:
         Страница не найдена! | File: C:\xampp\htdocs\phpbasic\ishop\vendor\ishop\core\Router.php | Line: 46
=========================
[2021-03-06 16:03:38] Error message:
         Страница не найдена! | File: C:\xampp\htdocs\phpbasic\ishop\vendor\ishop\core\Router.php | Line: 46
=========================
[2021-03-06 16:04:44] Error message:
         Страница не найдена! | File: C:\xampp\htdocs\phpbasic\ishop\vendor\ishop\core\Router.php | Line: 46
=========================
[2021-03-06 16:04:45] Error message:
         Страница не найдена! | File: C:\xampp\htdocs\phpbasic\ishop\vendor\ishop\core\Router.php | Line: 46
=========================
[2021-03-06 16:04:48] Error message:
         Страница не найдена! | File: C:\xampp\htdocs\phpbasic\ishop\vendor\ishop\core\Router.php | Line: 46
=========================
[2021-03-06 16:04:48] Error message:
         Страница не найдена! | File: C:\xampp\htdocs\phpbasic\ishop\vendor\ishop\core\Router.php | Line: 46
=========================
[2021-03-06 16:08:51] Error message:
         Страница не найдена! | File: C:\xampp\htdocs\phpbasic\ishop\vendor\ishop\core\Router.php | Line: 46
=========================
[2021-03-06 16:08:52] Error message:
         Страница не найдена! | File: C:\xampp\htdocs\phpbasic\ishop\vendor\ishop\core\Router.php | Line: 46
=========================
[2021-03-06 16:09:13] Error message:
         Страница не найдена! | File: C:\xampp\htdocs\phpbasic\ishop\vendor\ishop\core\Router.php | Line: 46
=========================
[2021-03-06 16:09:14] Error message:
         Страница не найдена! | File: C:\xampp\htdocs\phpbasic\ishop\vendor\ishop\core\Router.php | Line: 46
=========================
[2021-03-06 16:12:18] Error message:
         Страница не найдена! | File: C:\xampp\htdocs\phpbasic\ishop\vendor\ishop\core\Router.php | Line: 46
=========================
[2021-03-06 16:12:19] Error message:
         Страница не найдена! | File: C:\xampp\htdocs\phpbasic\ishop\vendor\ishop\core\Router.php | Line: 46
=========================
[2021-03-06 16:23:05] Error message:
         Страница не найдена! | File: C:\xampp\htdocs\phpbasic\ishop\vendor\ishop\core\Router.php | Line: 46
=========================
[2021-03-06 16:23:06] Error message:
         Страница не найдена! | File: C:\xampp\htdocs\phpbasic\ishop\vendor\ishop\core\Router.php | Line: 46
=========================
[2021-03-06 16:23:08] Error message:
         Class "R" not found | File: C:\xampp\htdocs\phpbasic\ishop\app\controllers\CurrencyController.php | Line: 11
=========================
[2021-03-06 16:23:28] Error message:
         Страница не найдена! | File: C:\xampp\htdocs\phpbasic\ishop\vendor\ishop\core\Router.php | Line: 46
=========================
[2021-03-06 16:23:28] Error message:
         Страница не найдена! | File: C:\xampp\htdocs\phpbasic\ishop\vendor\ishop\core\Router.php | Line: 46
=========================
[2021-03-06 16:23:33] Error message:
         Страница не найдена! | File: C:\xampp\htdocs\phpbasic\ishop\vendor\ishop\core\Router.php | Line: 46
=========================
[2021-03-06 16:23:33] Error message:
         Страница не найдена! | File: C:\xampp\htdocs\phpbasic\ishop\vendor\ishop\core\Router.php | Line: 46
=========================
[2021-03-06 16:23:36] Error message:
         Страница не найдена! | File: C:\xampp\htdocs\phpbasic\ishop\vendor\ishop\core\Router.php | Line: 46
=========================
[2021-03-06 16:23:37] Error message:
         Страница не найдена! | File: C:\xampp\htdocs\phpbasic\ishop\vendor\ishop\core\Router.php | Line: 46
=========================
[2021-03-06 16:23:42] Error message:
         Страница не найдена! | File: C:\xampp\htdocs\phpbasic\ishop\vendor\ishop\core\Router.php | Line: 46
=========================
[2021-03-06 16:23:42] Error message:
         Страница не найдена! | File: C:\xampp\htdocs\phpbasic\ishop\vendor\ishop\core\Router.php | Line: 46
=========================
[2021-03-06 16:23:52] Error message:
         Страница не найдена! | File: C:\xampp\htdocs\phpbasic\ishop\vendor\ishop\core\Router.php | Line: 46
=========================
[2021-03-06 16:23:52] Error message:
         Страница не найдена! | File: C:\xampp\htdocs\phpbasic\ishop\vendor\ishop\core\Router.php | Line: 46
=========================
[2021-03-06 16:23:55] Error message:
         Страница не найдена! | File: C:\xampp\htdocs\phpbasic\ishop\vendor\ishop\core\Router.php | Line: 46
=========================
[2021-03-06 16:23:55] Error message:
         Страница не найдена! | File: C:\xampp\htdocs\phpbasic\ishop\vendor\ishop\core\Router.php | Line: 46
=========================
[2021-03-06 16:24:01] Error message:
         Страница не найдена! | File: C:\xampp\htdocs\phpbasic\ishop\vendor\ishop\core\Router.php | Line: 46
=========================
[2021-03-06 16:24:01] Error message:
         Страница не найдена! | File: C:\xampp\htdocs\phpbasic\ishop\vendor\ishop\core\Router.php | Line: 46
=========================
[2021-03-06 16:24:15] Error message:
         Страница не найдена! | File: C:\xampp\htdocs\phpbasic\ishop\vendor\ishop\core\Router.php | Line: 46
=========================
[2021-03-06 16:24:15] Error message:
         Страница не найдена! | File: C:\xampp\htdocs\phpbasic\ishop\vendor\ishop\core\Router.php | Line: 46
=========================
[2021-03-06 16:24:38] Error message:
         Страница не найдена! | File: C:\xampp\htdocs\phpbasic\ishop\vendor\ishop\core\Router.php | Line: 46
=========================
[2021-03-06 16:24:38] Error message:
         Страница не найдена! | File: C:\xampp\htdocs\phpbasic\ishop\vendor\ishop\core\Router.php | Line: 46
=========================
[2021-03-06 16:26:02] Error message:
         Страница не найдена! | File: C:\xampp\htdocs\phpbasic\ishop\vendor\ishop\core\Router.php | Line: 46
=========================
[2021-03-06 16:26:02] Error message:
         Страница не найдена! | File: C:\xampp\htdocs\phpbasic\ishop\vendor\ishop\core\Router.php | Line: 46
=========================
[2021-03-06 16:26:04] Error message:
         syntax error, unexpected variable "$currency", expecting "," or ";" | File: C:\xampp\htdocs\phpbasic\ishop\app\controllers\CurrencyController.php | Line: 10
=========================
[2021-03-06 16:26:24] Error message:
         Страница не найдена! | File: C:\xampp\htdocs\phpbasic\ishop\vendor\ishop\core\Router.php | Line: 46
=========================
[2021-03-06 16:26:24] Error message:
         Страница не найдена! | File: C:\xampp\htdocs\phpbasic\ishop\vendor\ishop\core\Router.php | Line: 46
=========================
[2021-03-06 16:26:27] Error message:
         Страница не найдена! | File: C:\xampp\htdocs\phpbasic\ishop\vendor\ishop\core\Router.php | Line: 46
=========================
[2021-03-06 16:26:27] Error message:
         Страница не найдена! | File: C:\xampp\htdocs\phpbasic\ishop\vendor\ishop\core\Router.php | Line: 46
=========================
[2021-03-06 16:26:29] Error message:
         Страница не найдена! | File: C:\xampp\htdocs\phpbasic\ishop\vendor\ishop\core\Router.php | Line: 46
=========================
[2021-03-06 16:26:29] Error message:
         Страница не найдена! | File: C:\xampp\htdocs\phpbasic\ishop\vendor\ishop\core\Router.php | Line: 46
=========================
[2021-03-06 16:26:37] Error message:
         Страница не найдена! | File: C:\xampp\htdocs\phpbasic\ishop\vendor\ishop\core\Router.php | Line: 46
=========================
[2021-03-06 16:26:37] Error message:
         Страница не найдена! | File: C:\xampp\htdocs\phpbasic\ishop\vendor\ishop\core\Router.php | Line: 46
=========================
[2021-03-06 16:26:39] Error message:
         syntax error, unexpected variable "$currency" | File: C:\xampp\htdocs\phpbasic\ishop\app\controllers\CurrencyController.php | Line: 9
=========================
[2021-03-06 16:28:32] Error message:
         Страница не найдена! | File: C:\xampp\htdocs\phpbasic\ishop\vendor\ishop\core\Router.php | Line: 46
=========================
[2021-03-06 16:28:32] Error message:
         Страница не найдена! | File: C:\xampp\htdocs\phpbasic\ishop\vendor\ishop\core\Router.php | Line: 46
=========================
[2021-03-06 16:28:34] Error message:
         Страница не найдена! | File: C:\xampp\htdocs\phpbasic\ishop\vendor\ishop\core\Router.php | Line: 46
=========================
[2021-03-06 16:28:34] Error message:
         Страница не найдена! | File: C:\xampp\htdocs\phpbasic\ishop\vendor\ishop\core\Router.php | Line: 46
=========================
[2021-03-06 16:28:37] Error message:
         Страница не найдена! | File: C:\xampp\htdocs\phpbasic\ishop\vendor\ishop\core\Router.php | Line: 46
=========================
[2021-03-06 16:28:37] Error message:
         Страница не найдена! | File: C:\xampp\htdocs\phpbasic\ishop\vendor\ishop\core\Router.php | Line: 46
=========================
[2021-03-06 16:29:24] Error message:
         Страница не найдена! | File: C:\xampp\htdocs\phpbasic\ishop\vendor\ishop\core\Router.php | Line: 46
=========================
[2021-03-06 16:29:24] Error message:
         Страница не найдена! | File: C:\xampp\htdocs\phpbasic\ishop\vendor\ishop\core\Router.php | Line: 46
=========================
[2021-03-06 16:30:36] Error message:
         Страница не найдена! | File: C:\xampp\htdocs\phpbasic\ishop\vendor\ishop\core\Router.php | Line: 46
=========================
[2021-03-06 16:30:36] Error message:
         Страница не найдена! | File: C:\xampp\htdocs\phpbasic\ishop\vendor\ishop\core\Router.php | Line: 46
=========================
[2021-03-06 16:31:35] Error message:
         Страница не найдена! | File: C:\xampp\htdocs\phpbasic\ishop\vendor\ishop\core\Router.php | Line: 46
=========================
[2021-03-06 16:31:36] Error message:
         Страница не найдена! | File: C:\xampp\htdocs\phpbasic\ishop\vendor\ishop\core\Router.php | Line: 46
=========================
[2021-03-06 16:31:38] Error message:
         Страница не найдена! | File: C:\xampp\htdocs\phpbasic\ishop\vendor\ishop\core\Router.php | Line: 46
=========================
[2021-03-06 16:31:38] Error message:
         Страница не найдена! | File: C:\xampp\htdocs\phpbasic\ishop\vendor\ishop\core\Router.php | Line: 46
=========================
[2021-03-06 16:31:40] Error message:
         Страница не найдена! | File: C:\xampp\htdocs\phpbasic\ishop\vendor\ishop\core\Router.php | Line: 46
=========================
[2021-03-06 16:31:40] Error message:
         Страница не найдена! | File: C:\xampp\htdocs\phpbasic\ishop\vendor\ishop\core\Router.php | Line: 46
=========================
[2021-03-06 16:32:16] Error message:
         Страница не найдена! | File: C:\xampp\htdocs\phpbasic\ishop\vendor\ishop\core\Router.php | Line: 46
=========================
[2021-03-06 16:32:16] Error message:
         Страница не найдена! | File: C:\xampp\htdocs\phpbasic\ishop\vendor\ishop\core\Router.php | Line: 46
=========================
[2021-03-06 16:32:19] Error message:
         Страница не найдена! | File: C:\xampp\htdocs\phpbasic\ishop\vendor\ishop\core\Router.php | Line: 46
=========================
[2021-03-06 16:32:20] Error message:
         Страница не найдена! | File: C:\xampp\htdocs\phpbasic\ishop\vendor\ishop\core\Router.php | Line: 46
=========================
[2021-03-06 16:32:21] Error message:
         Страница не найдена! | File: C:\xampp\htdocs\phpbasic\ishop\vendor\ishop\core\Router.php | Line: 46
=========================
[2021-03-06 16:32:21] Error message:
         Страница не найдена! | File: C:\xampp\htdocs\phpbasic\ishop\vendor\ishop\core\Router.php | Line: 46
=========================
[2021-03-06 16:32:22] Error message:
         Страница не найдена! | File: C:\xampp\htdocs\phpbasic\ishop\vendor\ishop\core\Router.php | Line: 46
=========================
[2021-03-06 16:32:23] Error message:
         Страница не найдена! | File: C:\xampp\htdocs\phpbasic\ishop\vendor\ishop\core\Router.php | Line: 46
=========================
[2021-03-06 16:32:23] Error message:
         Страница не найдена! | File: C:\xampp\htdocs\phpbasic\ishop\vendor\ishop\core\Router.php | Line: 46
=========================
[2021-03-06 16:32:23] Error message:
         Страница не найдена! | File: C:\xampp\htdocs\phpbasic\ishop\vendor\ishop\core\Router.php | Line: 46
=========================
[2021-03-06 16:32:25] Error message:
         Страница не найдена! | File: C:\xampp\htdocs\phpbasic\ishop\vendor\ishop\core\Router.php | Line: 46
=========================
[2021-03-06 16:32:26] Error message:
         Страница не найдена! | File: C:\xampp\htdocs\phpbasic\ishop\vendor\ishop\core\Router.php | Line: 46
=========================
[2021-03-06 16:32:26] Error message:
         Страница не найдена! | File: C:\xampp\htdocs\phpbasic\ishop\vendor\ishop\core\Router.php | Line: 46
=========================
[2021-03-06 16:32:27] Error message:
         Страница не найдена! | File: C:\xampp\htdocs\phpbasic\ishop\vendor\ishop\core\Router.php | Line: 46
=========================
[2021-03-06 16:32:27] Error message:
         Страница не найдена! | File: C:\xampp\htdocs\phpbasic\ishop\vendor\ishop\core\Router.php | Line: 46
=========================
[2021-03-06 16:32:28] Error message:
         Страница не найдена! | File: C:\xampp\htdocs\phpbasic\ishop\vendor\ishop\core\Router.php | Line: 46
=========================
[2021-03-06 16:32:29] Error message:
         Страница не найдена! | File: C:\xampp\htdocs\phpbasic\ishop\vendor\ishop\core\Router.php | Line: 46
=========================
[2021-03-06 16:32:29] Error message:
         Страница не найдена! | File: C:\xampp\htdocs\phpbasic\ishop\vendor\ishop\core\Router.php | Line: 46
=========================
[2021-03-06 16:32:31] Error message:
         Страница не найдена! | File: C:\xampp\htdocs\phpbasic\ishop\vendor\ishop\core\Router.php | Line: 46
=========================
[2021-03-06 16:32:31] Error message:
         Страница не найдена! | File: C:\xampp\htdocs\phpbasic\ishop\vendor\ishop\core\Router.php | Line: 46
=========================
[2021-03-06 16:32:33] Error message:
         Страница не найдена! | File: C:\xampp\htdocs\phpbasic\ishop\vendor\ishop\core\Router.php | Line: 46
=========================
[2021-03-06 16:32:34] Error message:
         Страница не найдена! | File: C:\xampp\htdocs\phpbasic\ishop\vendor\ishop\core\Router.php | Line: 46
=========================
[2021-03-06 16:41:14] Error message:
         Object of class app\widgets\currency\Currency could not be converted to string | File: C:\xampp\htdocs\phpbasic\ishop\app\views\layouts\watches.php | Line: 34
=========================
[2021-03-06 16:41:14] Error message:
         Страница не найдена! | File: C:\xampp\htdocs\phpbasic\ishop\vendor\ishop\core\Router.php | Line: 46
=========================
[2021-03-06 16:41:38] Error message:
         Страница не найдена! | File: C:\xampp\htdocs\phpbasic\ishop\vendor\ishop\core\Router.php | Line: 46
=========================
[2021-03-06 16:41:38] Error message:
         Страница не найдена! | File: C:\xampp\htdocs\phpbasic\ishop\vendor\ishop\core\Router.php | Line: 46
=========================
[2021-03-06 16:42:24] Error message:
         Страница не найдена! | File: C:\xampp\htdocs\phpbasic\ishop\vendor\ishop\core\Router.php | Line: 46
=========================
[2021-03-06 16:42:24] Error message:
         Страница не найдена! | File: C:\xampp\htdocs\phpbasic\ishop\vendor\ishop\core\Router.php | Line: 46
=========================
[2021-03-06 16:45:17] Error message:
         Страница не найдена! | File: C:\xampp\htdocs\phpbasic\ishop\vendor\ishop\core\Router.php | Line: 46
=========================
[2021-03-06 16:45:17] Error message:
         Страница не найдена! | File: C:\xampp\htdocs\phpbasic\ishop\vendor\ishop\core\Router.php | Line: 46
=========================
[2021-03-06 16:45:26] Error message:
         Страница не найдена! | File: C:\xampp\htdocs\phpbasic\ishop\vendor\ishop\core\Router.php | Line: 46
=========================
[2021-03-06 16:45:26] Error message:
         Страница не найдена! | File: C:\xampp\htdocs\phpbasic\ishop\vendor\ishop\core\Router.php | Line: 46
=========================
[2021-03-06 16:48:16] Error message:
         Страница не найдена! | File: C:\xampp\htdocs\phpbasic\ishop\vendor\ishop\core\Router.php | Line: 46
=========================
[2021-03-06 16:48:17] Error message:
         Страница не найдена! | File: C:\xampp\htdocs\phpbasic\ishop\vendor\ishop\core\Router.php | Line: 46
=========================
[2021-03-06 16:48:38] Error message:
         Страница не найдена! | File: C:\xampp\htdocs\phpbasic\ishop\vendor\ishop\core\Router.php | Line: 46
=========================
[2021-03-06 16:48:39] Error message:
         Страница не найдена! | File: C:\xampp\htdocs\phpbasic\ishop\vendor\ishop\core\Router.php | Line: 46
=========================
[2021-03-06 16:48:48] Error message:
         Страница не найдена! | File: C:\xampp\htdocs\phpbasic\ishop\vendor\ishop\core\Router.php | Line: 46
=========================
[2021-03-06 16:48:48] Error message:
         Страница не найдена! | File: C:\xampp\htdocs\phpbasic\ishop\vendor\ishop\core\Router.php | Line: 46
=========================
[2021-03-06 16:48:57] Error message:
         Страница не найдена! | File: C:\xampp\htdocs\phpbasic\ishop\vendor\ishop\core\Router.php | Line: 46
=========================
[2021-03-06 16:48:57] Error message:
         Страница не найдена! | File: C:\xampp\htdocs\phpbasic\ishop\vendor\ishop\core\Router.php | Line: 46
=========================
[2021-03-06 16:50:19] Error message:
         Страница не найдена! | File: C:\xampp\htdocs\phpbasic\ishop\vendor\ishop\core\Router.php | Line: 46
=========================
[2021-03-06 16:50:19] Error message:
         Страница не найдена! | File: C:\xampp\htdocs\phpbasic\ishop\vendor\ishop\core\Router.php | Line: 46
=========================
[2021-03-06 16:51:38] Error message:
         Страница не найдена! | File: C:\xampp\htdocs\phpbasic\ishop\vendor\ishop\core\Router.php | Line: 46
=========================
[2021-03-06 16:51:39] Error message:
         Страница не найдена! | File: C:\xampp\htdocs\phpbasic\ishop\vendor\ishop\core\Router.php | Line: 46
=========================
[2021-03-06 16:51:42] Error message:
         Страница не найдена! | File: C:\xampp\htdocs\phpbasic\ishop\vendor\ishop\core\Router.php | Line: 46
=========================
[2021-03-06 16:51:42] Error message:
         Страница не найдена! | File: C:\xampp\htdocs\phpbasic\ishop\vendor\ishop\core\Router.php | Line: 46
=========================
[2021-03-06 17:04:50] Error message:
         Страница не найдена! | File: C:\xampp\htdocs\phpbasic\ishop\vendor\ishop\core\Router.php | Line: 46
=========================
[2021-03-06 17:04:50] Error message:
         Страница не найдена! | File: C:\xampp\htdocs\phpbasic\ishop\vendor\ishop\core\Router.php | Line: 46
=========================
[2021-05-02 17:47:11] Error message:
         Страница не найдена! | File: C:\xampp\htdocs\phpbasic\ishop\vendor\ishop\core\Router.php | Line: 46
=========================
[2021-05-02 17:47:19] Error message:
         Страница не найдена! | File: C:\xampp\htdocs\phpbasic\ishop\vendor\ishop\core\Router.php | Line: 46
=========================
[2021-05-02 17:47:24] Error message:
         Страница не найдена! | File: C:\xampp\htdocs\phpbasic\ishop\vendor\ishop\core\Router.php | Line: 46
=========================
[2021-05-03 13:12:20] Error message:
         Страница не найдена! | File: C:\xampp\htdocs\phpbasic\ishop\vendor\ishop\core\Router.php | Line: 46
=========================
[2021-05-03 13:16:39] Error message:
         Страница не найдена! | File: C:\xampp\htdocs\phpbasic\ishop\vendor\ishop\core\Router.php | Line: 46
=========================
[2021-05-03 13:29:04] Error message:
         Страница не найдена! | File: C:\xampp\htdocs\phpbasic\ishop\vendor\ishop\core\Router.php | Line: 46
=========================
[2021-05-03 13:29:40] Error message:
         Страница не найдена! | File: C:\xampp\htdocs\phpbasic\ishop\vendor\ishop\core\Router.php | Line: 46
=========================
[2021-05-03 13:37:18] Error message:
         Страница не найдена! | File: C:\xampp\htdocs\phpbasic\ishop\vendor\ishop\core\Router.php | Line: 46
=========================
[2021-05-03 14:03:27] Error message:
         Страница не найдена! | File: C:\xampp\htdocs\phpbasic\ishop\vendor\ishop\core\Router.php | Line: 46
=========================
[2021-05-03 14:04:54] Error message:
         Страница не найдена! | File: C:\xampp\htdocs\phpbasic\ishop\vendor\ishop\core\Router.php | Line: 46
=========================
[2021-05-03 14:05:31] Error message:
         Страница не найдена! | File: C:\xampp\htdocs\phpbasic\ishop\vendor\ishop\core\Router.php | Line: 46
=========================
[2021-05-03 14:06:09] Error message:
         Страница не найдена! | File: C:\xampp\htdocs\phpbasic\ishop\vendor\ishop\core\Router.php | Line: 46
=========================
[2021-05-03 14:07:56] Error message:
         Страница не найдена! | File: C:\xampp\htdocs\phpbasic\ishop\vendor\ishop\core\Router.php | Line: 46
=========================
[2021-05-03 14:20:36] Error message:
         Страница не найдена! | File: C:\xampp\htdocs\phpbasic\ishop\vendor\ishop\core\Router.php | Line: 46
=========================
[2021-05-03 14:20:40] Error message:
         Контроллер app\controllers\CategoryController не найден! | File: C:\xampp\htdocs\phpbasic\ishop\vendor\ishop\core\Router.php | Line: 42
=========================
[2021-05-03 14:20:41] Error message:
         Страница не найдена! | File: C:\xampp\htdocs\phpbasic\ishop\vendor\ishop\core\Router.php | Line: 46
=========================
[2021-05-03 14:22:11] Error message:
         Страница не найдена! | File: C:\xampp\htdocs\phpbasic\ishop\vendor\ishop\core\Router.php | Line: 46
=========================
[2021-05-03 14:22:18] Error message:
         Страница не найдена! | File: C:\xampp\htdocs\phpbasic\ishop\vendor\ishop\core\Router.php | Line: 46
=========================
[2021-05-03 14:22:33] Error message:
         Страница не найдена! | File: C:\xampp\htdocs\phpbasic\ishop\vendor\ishop\core\Router.php | Line: 46
=========================
[2021-05-03 14:22:57] Error message:
         Страница не найдена! | File: C:\xampp\htdocs\phpbasic\ishop\vendor\ishop\core\Router.php | Line: 46
=========================
[2021-05-03 14:23:46] Error message:
         Страница не найдена! | File: C:\xampp\htdocs\phpbasic\ishop\vendor\ishop\core\Router.php | Line: 46
=========================
[2021-05-03 14:24:47] Error message:
         Страница не найдена! | File: C:\xampp\htdocs\phpbasic\ishop\vendor\ishop\core\Router.php | Line: 46
=========================
[2021-05-03 14:25:34] Error message:
         Страница не найдена! | File: C:\xampp\htdocs\phpbasic\ishop\vendor\ishop\core\Router.php | Line: 46
=========================
[2021-05-03 14:29:39] Error message:
         Страница не найдена! | File: C:\xampp\htdocs\phpbasic\ishop\vendor\ishop\core\Router.php | Line: 46
=========================
[2021-05-03 14:30:17] Error message:
         Страница не найдена! | File: C:\xampp\htdocs\phpbasic\ishop\vendor\ishop\core\Router.php | Line: 46
=========================
[2021-05-03 14:30:32] Error message:
         Страница не найдена! | File: C:\xampp\htdocs\phpbasic\ishop\vendor\ishop\core\Router.php | Line: 46
=========================
[2021-05-03 14:30:50] Error message:
         Страница не найдена! | File: C:\xampp\htdocs\phpbasic\ishop\vendor\ishop\core\Router.php | Line: 46
=========================
[2021-05-03 14:35:51] Error message:
         Страница не найдена! | File: C:\xampp\htdocs\phpbasic\ishop\vendor\ishop\core\Router.php | Line: 46
=========================
[2021-05-03 14:39:07] Error message:
         Страница не найдена! | File: C:\xampp\htdocs\phpbasic\ishop\vendor\ishop\core\Router.php | Line: 46
=========================
[2021-05-03 14:39:45] Error message:
         Страница не найдена! | File: C:\xampp\htdocs\phpbasic\ishop\vendor\ishop\core\Router.php | Line: 46
=========================
[2021-05-03 14:41:25] Error message:
         Страница не найдена! | File: C:\xampp\htdocs\phpbasic\ishop\vendor\ishop\core\Router.php | Line: 46
=========================
[2021-05-03 14:55:29] Error message:
         Страница не найдена! | File: C:\xampp\htdocs\phpbasic\ishop\vendor\ishop\core\Router.php | Line: 46
=========================
[2021-05-03 14:55:29] Error message:
         Страница не найдена! | File: C:\xampp\htdocs\phpbasic\ishop\vendor\ishop\core\Router.php | Line: 46
=========================
[2021-05-03 14:55:29] Error message:
         Страница не найдена! | File: C:\xampp\htdocs\phpbasic\ishop\vendor\ishop\core\Router.php | Line: 46
=========================
[2021-05-03 14:55:29] Error message:
         Страница не найдена! | File: C:\xampp\htdocs\phpbasic\ishop\vendor\ishop\core\Router.php | Line: 46
=========================
[2021-05-03 14:55:30] Error message:
         Страница не найдена! | File: C:\xampp\htdocs\phpbasic\ishop\vendor\ishop\core\Router.php | Line: 46
=========================
[2021-05-03 14:55:42] Error message:
         Страница не найдена! | File: C:\xampp\htdocs\phpbasic\ishop\vendor\ishop\core\Router.php | Line: 46
=========================
[2021-05-03 14:55:42] Error message:
         Страница не найдена! | File: C:\xampp\htdocs\phpbasic\ishop\vendor\ishop\core\Router.php | Line: 46
=========================
[2021-05-03 14:55:42] Error message:
         Страница не найдена! | File: C:\xampp\htdocs\phpbasic\ishop\vendor\ishop\core\Router.php | Line: 46
=========================
[2021-05-03 14:55:42] Error message:
         Страница не найдена! | File: C:\xampp\htdocs\phpbasic\ishop\vendor\ishop\core\Router.php | Line: 46
=========================
[2021-05-03 14:55:42] Error message:
         Страница не найдена! | File: C:\xampp\htdocs\phpbasic\ishop\vendor\ishop\core\Router.php | Line: 46
=========================
[2021-05-03 14:55:45] Error message:
         Страница не найдена! | File: C:\xampp\htdocs\phpbasic\ishop\vendor\ishop\core\Router.php | Line: 46
=========================
[2021-05-03 14:55:45] Error message:
         Страница не найдена! | File: C:\xampp\htdocs\phpbasic\ishop\vendor\ishop\core\Router.php | Line: 46
=========================
[2021-05-03 14:55:45] Error message:
         Страница не найдена! | File: C:\xampp\htdocs\phpbasic\ishop\vendor\ishop\core\Router.php | Line: 46
=========================
[2021-05-03 14:55:45] Error message:
         Страница не найдена! | File: C:\xampp\htdocs\phpbasic\ishop\vendor\ishop\core\Router.php | Line: 46
=========================
[2021-05-03 14:55:46] Error message:
         Страница не найдена! | File: C:\xampp\htdocs\phpbasic\ishop\vendor\ishop\core\Router.php | Line: 46
=========================
[2021-05-03 14:56:04] Error message:
         Страница не найдена! | File: C:\xampp\htdocs\phpbasic\ishop\vendor\ishop\core\Router.php | Line: 46
=========================
[2021-05-03 14:56:04] Error message:
         Страница не найдена! | File: C:\xampp\htdocs\phpbasic\ishop\vendor\ishop\core\Router.php | Line: 46
=========================
[2021-05-03 14:56:04] Error message:
         Страница не найдена! | File: C:\xampp\htdocs\phpbasic\ishop\vendor\ishop\core\Router.php | Line: 46
=========================
[2021-05-03 14:56:04] Error message:
         Страница не найдена! | File: C:\xampp\htdocs\phpbasic\ishop\vendor\ishop\core\Router.php | Line: 46
=========================
[2021-05-03 14:56:05] Error message:
         Страница не найдена! | File: C:\xampp\htdocs\phpbasic\ishop\vendor\ishop\core\Router.php | Line: 46
=========================
[2021-05-03 14:56:29] Error message:
         Страница не найдена! | File: C:\xampp\htdocs\phpbasic\ishop\vendor\ishop\core\Router.php | Line: 46
=========================
[2021-05-03 14:56:30] Error message:
         Страница не найдена! | File: C:\xampp\htdocs\phpbasic\ishop\vendor\ishop\core\Router.php | Line: 46
=========================
[2021-05-03 14:56:30] Error message:
         Страница не найдена! | File: C:\xampp\htdocs\phpbasic\ishop\vendor\ishop\core\Router.php | Line: 46
=========================
[2021-05-03 14:56:30] Error message:
         Страница не найдена! | File: C:\xampp\htdocs\phpbasic\ishop\vendor\ishop\core\Router.php | Line: 46
=========================
[2021-05-03 14:56:30] Error message:
         Страница не найдена! | File: C:\xampp\htdocs\phpbasic\ishop\vendor\ishop\core\Router.php | Line: 46
=========================
[2021-05-03 14:56:32] Error message:
         Страница не найдена! | File: C:\xampp\htdocs\phpbasic\ishop\vendor\ishop\core\Router.php | Line: 46
=========================
[2021-05-03 14:56:32] Error message:
         Страница не найдена! | File: C:\xampp\htdocs\phpbasic\ishop\vendor\ishop\core\Router.php | Line: 46
=========================
[2021-05-03 14:56:32] Error message:
         Страница не найдена! | File: C:\xampp\htdocs\phpbasic\ishop\vendor\ishop\core\Router.php | Line: 46
=========================
[2021-05-03 14:56:32] Error message:
         Страница не найдена! | File: C:\xampp\htdocs\phpbasic\ishop\vendor\ishop\core\Router.php | Line: 46
=========================
[2021-05-03 14:56:32] Error message:
         Страница не найдена! | File: C:\xampp\htdocs\phpbasic\ishop\vendor\ishop\core\Router.php | Line: 46
=========================
[2021-05-03 14:56:33] Error message:
         Страница не найдена! | File: C:\xampp\htdocs\phpbasic\ishop\vendor\ishop\core\Router.php | Line: 46
=========================
[2021-05-03 14:56:33] Error message:
         Страница не найдена! | File: C:\xampp\htdocs\phpbasic\ishop\vendor\ishop\core\Router.php | Line: 46
=========================
[2021-05-03 14:56:33] Error message:
         Страница не найдена! | File: C:\xampp\htdocs\phpbasic\ishop\vendor\ishop\core\Router.php | Line: 46
=========================
[2021-05-03 14:56:33] Error message:
         Страница не найдена! | File: C:\xampp\htdocs\phpbasic\ishop\vendor\ishop\core\Router.php | Line: 46
=========================
[2021-05-03 14:56:33] Error message:
         Страница не найдена! | File: C:\xampp\htdocs\phpbasic\ishop\vendor\ishop\core\Router.php | Line: 46
=========================
[2021-05-03 14:57:22] Error message:
         Страница не найдена! | File: C:\xampp\htdocs\phpbasic\ishop\vendor\ishop\core\Router.php | Line: 46
=========================
[2021-05-03 14:58:00] Error message:
         Страница не найдена! | File: C:\xampp\htdocs\phpbasic\ishop\vendor\ishop\core\Router.php | Line: 46
=========================
